<?xml version="1.0" encoding="UTF-8"?>
<!-- Generated by org.testng.reporters.JUnitXMLReporter -->
<testsuite ignored="0" hostname="MYSHEC217881L" failures="0" tests="6" name="Test" time="0.048" errors="0" timestamp="13 Apr 2019 16:47:00 GMT">
  <testcase classname="sunt.sunt22.AppTest" name="multiplt" time="0.014"/>
  <testcase classname="sunt.sunt22.AppTest" name="subtract" time="0.001"/>
  <testcase classname="sunt.sunt22.AppTest" name="sum" time="0.0"/>
  <testcase classname="sunt.sunt22.Apptest2" name="multiplt" time="0.0"/>
  <testcase classname="sunt.sunt22.Apptest2" name="subtract" time="0.0"/>
  <testcase classname="sunt.sunt22.Apptest2" name="sum" time="0.0"/>
</testsuite> <!-- Test -->
