<?xml version="1.0" encoding="UTF-8"?>
<testng-results ignored="0" total="6" passed="6" failed="0" skipped="0">
  <reporter-output>
  </reporter-output>
  <suite started-at="2019-04-13T16:47:00Z" name="Test Maven Suite" finished-at="2019-04-13T16:47:00Z" duration-ms="48">
    <groups>
    </groups>
    <test started-at="2019-04-13T16:47:00Z" name="Test" finished-at="2019-04-13T16:47:00Z" duration-ms="48">
      <class name="sunt.sunt22.Apptest2">
        <test-method signature="multiplt()[pri:0, instance:sunt.sunt22.Apptest2@5b12b668]" started-at="2019-04-13T16:47:00Z" name="multiplt" finished-at="2019-04-13T16:47:00Z" duration-ms="0" status="PASS">
          <reporter-output>
          </reporter-output>
        </test-method> <!-- multiplt -->
        <test-method signature="subtract()[pri:0, instance:sunt.sunt22.Apptest2@5b12b668]" started-at="2019-04-13T16:47:00Z" name="subtract" finished-at="2019-04-13T16:47:00Z" duration-ms="0" status="PASS">
          <reporter-output>
          </reporter-output>
        </test-method> <!-- subtract -->
        <test-method signature="sum()[pri:0, instance:sunt.sunt22.Apptest2@5b12b668]" started-at="2019-04-13T16:47:00Z" name="sum" finished-at="2019-04-13T16:47:00Z" duration-ms="0" status="PASS">
          <reporter-output>
          </reporter-output>
        </test-method> <!-- sum -->
      </class> <!-- sunt.sunt22.Apptest2 -->
      <class name="sunt.sunt22.AppTest">
        <test-method signature="multiplt()[pri:0, instance:sunt.sunt22.AppTest@327514f]" started-at="2019-04-13T16:47:00Z" name="multiplt" finished-at="2019-04-13T16:47:00Z" duration-ms="14" status="PASS">
          <reporter-output>
          </reporter-output>
        </test-method> <!-- multiplt -->
        <test-method signature="subtract()[pri:0, instance:sunt.sunt22.AppTest@327514f]" started-at="2019-04-13T16:47:00Z" name="subtract" finished-at="2019-04-13T16:47:00Z" duration-ms="1" status="PASS">
          <reporter-output>
          </reporter-output>
        </test-method> <!-- subtract -->
        <test-method signature="sum()[pri:0, instance:sunt.sunt22.AppTest@327514f]" started-at="2019-04-13T16:47:00Z" name="sum" finished-at="2019-04-13T16:47:00Z" duration-ms="0" status="PASS">
          <reporter-output>
          </reporter-output>
        </test-method> <!-- sum -->
      </class> <!-- sunt.sunt22.AppTest -->
    </test> <!-- Test -->
  </suite> <!-- Test Maven Suite -->
</testng-results>
