<?xml version="1.0" encoding="UTF-8"?>
<testsuite xmlns:xsi="http://www.w3.org/2001/XMLSchema-instance" xsi:noNamespaceSchemaLocation="https://maven.apache.org/surefire/maven-surefire-plugin/xsd/surefire-test-report.xsd" name="TestSuite" time="0.893" tests="6" errors="0" skipped="0" failures="0">
  <properties>
[...]
</properties>
  <testcase name="multiplt" classname="sunt.sunt22.AppTest" time="0.016"/>
  <testcase name="subtract" classname="sunt.sunt22.AppTest" time="0"/>
  <testcase name="sum" classname="sunt.sunt22.AppTest" time="0"/>
  <testcase name="multiplt" classname="sunt.sunt22.Apptest2" time="0"/>
  <testcase name="subtract" classname="sunt.sunt22.Apptest2" time="0"/>
  <testcase name="sum" classname="sunt.sunt22.Apptest2" time="0"/>
</testsuite>